<?xml version="1.0" encoding="UTF-8"?>
<!-- Generated by org.testng.reporters.JUnitXMLReporter -->
<testsuite ignored="0" hostname="LAPTOP-N82T5CHP" failures="1" tests="2" name="Test" time="22.518" errors="0" timestamp="2024-12-02T00:50:08 IST">
  <testcase classname="testCases.TC001_AccountRegistrationTest" name="VerifyAccountRegistration" time="3.396"/>
  <testcase classname="testCases.TC002_LoginTest" name="verifyLogin" time="12.184">
    <failure type="java.lang.AssertionError" message="expected [true] but found [false]">
      <![CDATA[java.lang.AssertionError: expected [true] but found [false]
at testCases.TC002_LoginTest.verifyLogin(TC002_LoginTest.java:40)
at java.base/java.util.ArrayList.forEach(ArrayList.java:1596)
... Removed 29 stack frames]]>
    </failure>
  </testcase> <!-- verifyLogin -->
</testsuite> <!-- Test -->
