<?xml version="1.0" encoding="UTF-8"?>
<!-- Generated by org.testng.reporters.JUnitXMLReporter -->
<testsuite ignored="0" hostname="LAPTOP-N82T5CHP" failures="0" tests="2" name="Linux-Firefox" time="362.621" errors="0" timestamp="2024-12-04T13:59:17 IST">
  <testcase classname="testCases.TC001_AccountRegistrationTest" name="VerifyAccountRegistration" time="2.46"/>
  <testcase classname="testCases.TC002_LoginTest" name="verifyLogin" time="0.0">
    <skipped/>
  </testcase> <!-- verifyLogin -->
</testsuite> <!-- Linux-Firefox -->
