<?xml version="1.0" encoding="UTF-8"?>
<testng-results ignored="0" total="2" passed="2" failed="0" skipped="0">
  <reporter-output>
  </reporter-output>
  <suite started-at="2024-12-05T10:27:50 IST" name="Master suite" finished-at="2024-12-05T10:28:04 IST" duration-ms="13931">
    <groups>
      <group name="Master">
        <method signature="TC001_AccountRegistrationTest.VerifyAccountRegistration()[pri:0, instance:testCases.TC001_AccountRegistrationTest@13ad5cd3]" name="VerifyAccountRegistration" class="testCases.TC001_AccountRegistrationTest"/>
        <method signature="TC002_LoginTest.verifyLogin()[pri:0, instance:testCases.TC002_LoginTest@39de3d36]" name="verifyLogin" class="testCases.TC002_LoginTest"/>
      </group> <!-- Master -->
      <group name="Sanity">
        <method signature="TC002_LoginTest.verifyLogin()[pri:0, instance:testCases.TC002_LoginTest@39de3d36]" name="verifyLogin" class="testCases.TC002_LoginTest"/>
      </group> <!-- Sanity -->
      <group name="Regression">
        <method signature="TC001_AccountRegistrationTest.VerifyAccountRegistration()[pri:0, instance:testCases.TC001_AccountRegistrationTest@13ad5cd3]" name="VerifyAccountRegistration" class="testCases.TC001_AccountRegistrationTest"/>
      </group> <!-- Regression -->
    </groups>
    <test started-at="2024-12-05T10:27:50 IST" name="Test" finished-at="2024-12-05T10:28:04 IST" duration-ms="13931">
      <class name="testCases.TC002_LoginTest">
        <test-method is-config="true" signature="setup(java.lang.String,java.lang.String)[pri:0, instance:testCases.TC002_LoginTest@39de3d36]" started-at="2024-12-05T10:27:59 IST" name="setup" finished-at="2024-12-05T10:28:02 IST" duration-ms="2603" status="PASS">
          <params>
            <param index="0">
              <value>
                <![CDATA[windows]]>
              </value>
            </param>
            <param index="1">
              <value>
                <![CDATA[chrome]]>
              </value>
            </param>
          </params>
          <reporter-output>
          </reporter-output>
        </test-method> <!-- setup -->
        <test-method signature="verifyLogin()[pri:0, instance:testCases.TC002_LoginTest@39de3d36]" started-at="2024-12-05T10:28:02 IST" name="verifyLogin" finished-at="2024-12-05T10:28:04 IST" duration-ms="2345" status="PASS">
          <reporter-output>
          </reporter-output>
        </test-method> <!-- verifyLogin -->
        <test-method is-config="true" signature="tearDown()[pri:0, instance:testCases.TC002_LoginTest@39de3d36]" started-at="2024-12-05T10:28:04 IST" name="tearDown" finished-at="2024-12-05T10:28:04 IST" duration-ms="111" status="PASS">
          <reporter-output>
          </reporter-output>
        </test-method> <!-- tearDown -->
      </class> <!-- testCases.TC002_LoginTest -->
      <class name="testCases.TC001_AccountRegistrationTest">
        <test-method is-config="true" signature="setup(java.lang.String,java.lang.String)[pri:0, instance:testCases.TC001_AccountRegistrationTest@13ad5cd3]" started-at="2024-12-05T10:27:51 IST" name="setup" finished-at="2024-12-05T10:27:56 IST" duration-ms="5246" status="PASS">
          <params>
            <param index="0">
              <value>
                <![CDATA[windows]]>
              </value>
            </param>
            <param index="1">
              <value>
                <![CDATA[chrome]]>
              </value>
            </param>
          </params>
          <reporter-output>
          </reporter-output>
        </test-method> <!-- setup -->
        <test-method signature="VerifyAccountRegistration()[pri:0, instance:testCases.TC001_AccountRegistrationTest@13ad5cd3]" started-at="2024-12-05T10:27:56 IST" name="VerifyAccountRegistration" finished-at="2024-12-05T10:27:59 IST" duration-ms="3147" status="PASS">
          <reporter-output>
          </reporter-output>
        </test-method> <!-- VerifyAccountRegistration -->
        <test-method is-config="true" signature="tearDown()[pri:0, instance:testCases.TC001_AccountRegistrationTest@13ad5cd3]" started-at="2024-12-05T10:27:59 IST" name="tearDown" finished-at="2024-12-05T10:27:59 IST" duration-ms="85" status="PASS">
          <reporter-output>
          </reporter-output>
        </test-method> <!-- tearDown -->
      </class> <!-- testCases.TC001_AccountRegistrationTest -->
    </test> <!-- Test -->
  </suite> <!-- Master suite -->
</testng-results>
